<?xml version="1.0" encoding="UTF-8" ?>
<testsuite errors="0" skipped="0" tests="9" time="1.973" failures="0" name="at.volitsol.pems.domain.FacilityIntegrationTest">
  <properties>
    <property value="Java(TM) 2 Runtime Environment, Standard Edition" name="java.runtime.name"/>
    <property value="D:\java5\jdk\jre\bin" name="sun.boot.library.path"/>
    <property value="1.5.0_09-b03" name="java.vm.version"/>
    <property value="Sun Microsystems Inc." name="java.vm.vendor"/>
    <property value="http://java.sun.com/" name="java.vendor.url"/>
    <property value=";" name="path.separator"/>
    <property value="Java HotSpot(TM) Client VM" name="java.vm.name"/>
    <property value="sun.io" name="file.encoding.pkg"/>
    <property value="AT" name="user.country"/>
    <property value="Service Pack 2" name="sun.os.patch.level"/>
    <property value="Java Virtual Machine Specification" name="java.vm.specification.name"/>
    <property value="D:\eclipsespring\springsource\workspace\PEMS" name="user.dir"/>
    <property value="1.5.0_09-b03" name="java.runtime.version"/>
    <property value="sun.awt.Win32GraphicsEnvironment" name="java.awt.graphicsenv"/>
    <property value="D:\eclipsespring\springsource\workspace\PEMS" name="basedir"/>
    <property value="D:\java5\jdk\jre\lib\endorsed" name="java.endorsed.dirs"/>
    <property value="x86" name="os.arch"/>
    <property value="C:\DOCUME~1\grzchr01\LOCALS~1\Temp\surefirebooter15104.jar" name="surefire.real.class.path"/>
    <property value="C:\DOCUME~1\grzchr01\LOCALS~1\Temp\" name="java.io.tmpdir"/>
    <property value="
" name="line.separator"/>
    <property value="Sun Microsystems Inc." name="java.vm.specification.vendor"/>
    <property value="" name="user.variant"/>
    <property value="Windows XP" name="os.name"/>
    <property value="Cp1252" name="sun.jnu.encoding"/>
    <property value="D:\java5\jdk\jre\bin;.;C:\WINDOWS\system32;C:\WINDOWS;C:\eclipseEMF\lift\bin;C:\eclipseEMF\lift/apache-maven/bin;;c:\svn;C:\Windows Resource Kits\Tools\;C:\Program Files\MiKTeX 2.6\miktex\bin;C:\Program Files\MiKTeX 2.5\miktex\bin;C:\Program Files\ThinkPad\Utilities;C:\WINDOWS\system32;C:\WINDOWS;C:\WINDOWS\System32\Wbem;C:\Program Files\ThinkPad\ConnectUtilities;C:\Program Files\ATI Technologies\ATI Control Panel;D:\ant\bin;D:\java5\jdk\bin;c:\Program Files\Microsoft SQL Server\90\Tools\binn\;C:\Program Files\Bitvise Tunnelier;D:\FHIT\Bacc2-Arbeit\Axis2\bin\bin;D:\ant\mvn\bin;C:\Program Files\TortoiseSVN\bin;C:\Program Files\QuickTime\QTSystem\;D:\eclipsespring\springsource\roo-1.0.0.RC4\bin" name="java.library.path"/>
    <property value="D:\eclipsespring\springsource\workspace\PEMS\target\test-classes;D:\eclipsespring\springsource\workspace\PEMS\target\classes;C:\Documents and Settings\grzchr01\.m2\repository\org\junit\com.springsource.org.junit\4.7.0\com.springsource.org.junit-4.7.0.jar;C:\Documents and Settings\grzchr01\.m2\repository\org\apache\log4j\com.springsource.org.apache.log4j\1.2.15\com.springsource.org.apache.log4j-1.2.15.jar;C:\Documents and Settings\grzchr01\.m2\repository\org\apache\commons\com.springsource.org.apache.commons.logging\1.1.1\com.springsource.org.apache.commons.logging-1.1.1.jar;C:\Documents and Settings\grzchr01\.m2\repository\org\aspectj\com.springsource.org.aspectj.runtime\1.6.6.RELEASE\com.springsource.org.aspectj.runtime-1.6.6.RELEASE.jar;C:\Documents and Settings\grzchr01\.m2\repository\javax\servlet\com.springsource.javax.servlet\2.5.0\com.springsource.javax.servlet-2.5.0.jar;C:\Documents and Settings\grzchr01\.m2\repository\org\springframework\roo\org.springframework.roo.annotations\1.0.2.RELEASE\org.springframework.roo.annotations-1.0.2.RELEASE.jar;C:\Documents and Settings\grzchr01\.m2\repository\org\springframework\org.springframework.core\3.0.0.RELEASE\org.springframework.core-3.0.0.RELEASE.jar;C:\Documents and Settings\grzchr01\.m2\repository\org\springframework\org.springframework.test\3.0.0.RELEASE\org.springframework.test-3.0.0.RELEASE.jar;C:\Documents and Settings\grzchr01\.m2\repository\org\springframework\org.springframework.context\3.0.0.RELEASE\org.springframework.context-3.0.0.RELEASE.jar;C:\Documents and Settings\grzchr01\.m2\repository\org\springframework\org.springframework.asm\3.0.0.RELEASE\org.springframework.asm-3.0.0.RELEASE.jar;C:\Documents and Settings\grzchr01\.m2\repository\org\springframework\org.springframework.aop\3.0.0.RELEASE\org.springframework.aop-3.0.0.RELEASE.jar;C:\Documents and Settings\grzchr01\.m2\repository\org\aopalliance\com.springsource.org.aopalliance\1.0.0\com.springsource.org.aopalliance-1.0.0.jar;C:\Documents and Settings\grzchr01\.m2\repository\org\springframework\org.springframework.beans\3.0.0.RELEASE\org.springframework.beans-3.0.0.RELEASE.jar;C:\Documents and Settings\grzchr01\.m2\repository\org\springframework\org.springframework.expression\3.0.0.RELEASE\org.springframework.expression-3.0.0.RELEASE.jar;C:\Documents and Settings\grzchr01\.m2\repository\org\springframework\org.springframework.aspects\3.0.0.RELEASE\org.springframework.aspects-3.0.0.RELEASE.jar;C:\Documents and Settings\grzchr01\.m2\repository\org\springframework\org.springframework.transaction\3.0.0.RELEASE\org.springframework.transaction-3.0.0.RELEASE.jar;C:\Documents and Settings\grzchr01\.m2\repository\javax\annotation\com.springsource.javax.annotation\1.0.0\com.springsource.javax.annotation-1.0.0.jar;C:\Documents and Settings\grzchr01\.m2\repository\com\oracle\jdbc\com.springsource.oracle.jdbc\10.2.0.2\com.springsource.oracle.jdbc-10.2.0.2.jar;C:\Documents and Settings\grzchr01\.m2\repository\org\hibernate\com.springsource.org.hibernate.annotations\3.3.1.ga\com.springsource.org.hibernate.annotations-3.3.1.ga.jar;C:\Documents and Settings\grzchr01\.m2\repository\org\dom4j\com.springsource.org.dom4j\1.6.1\com.springsource.org.dom4j-1.6.1.jar;C:\Documents and Settings\grzchr01\.m2\repository\org\hibernate\com.springsource.org.hibernate.annotations.common\3.3.0.ga\com.springsource.org.hibernate.annotations.common-3.3.0.ga.jar;C:\Documents and Settings\grzchr01\.m2\repository\org\hibernate\com.springsource.org.hibernate\3.2.6.ga\com.springsource.org.hibernate-3.2.6.ga.jar;C:\Documents and Settings\grzchr01\.m2\repository\org\apache\commons\com.springsource.org.apache.commons.collections\3.2.0\com.springsource.org.apache.commons.collections-3.2.0.jar;C:\Documents and Settings\grzchr01\.m2\repository\org\antlr\com.springsource.antlr\2.7.6\com.springsource.antlr-2.7.6.jar;C:\Documents and Settings\grzchr01\.m2\repository\org\jboss\javassist\com.springsource.javassist\3.3.0.ga\com.springsource.javassist-3.3.0.ga.jar;C:\Documents and Settings\grzchr01\.m2\repository\net\sourceforge\cglib\com.springsource.net.sf.cglib\2.1.3\com.springsource.net.sf.cglib-2.1.3.jar;C:\Documents and Settings\grzchr01\.m2\repository\org\objectweb\asm\com.springsource.org.objectweb.asm\1.5.3\com.springsource.org.objectweb.asm-1.5.3.jar;C:\Documents and Settings\grzchr01\.m2\repository\org\objectweb\asm\com.springsource.org.objectweb.asm.attrs\1.5.3\com.springsource.org.objectweb.asm.attrs-1.5.3.jar;C:\Documents and Settings\grzchr01\.m2\repository\org\hibernate\com.springsource.org.hibernate.ejb\3.3.2.GA\com.springsource.org.hibernate.ejb-3.3.2.GA.jar;C:\Documents and Settings\grzchr01\.m2\repository\org\jboss\util\com.springsource.org.jboss.util\2.0.4.GA\com.springsource.org.jboss.util-2.0.4.GA.jar;C:\Documents and Settings\grzchr01\.m2\repository\edu\oswego\cs\concurrent\com.springsource.edu.oswego.cs.dl.util.concurrent\1.3.4\com.springsource.edu.oswego.cs.dl.util.concurrent-1.3.4.jar;C:\Documents and Settings\grzchr01\.m2\repository\net\sourceforge\ehcache\com.springsource.net.sf.ehcache\1.4.1\com.springsource.net.sf.ehcache-1.4.1.jar;C:\Documents and Settings\grzchr01\.m2\repository\net\sourceforge\jsr107cache\com.springsource.net.sf.jsr107cache\1.0.0\com.springsource.net.sf.jsr107cache-1.0.0.jar;C:\Documents and Settings\grzchr01\.m2\repository\edu\emory\mathcs\backport\com.springsource.edu.emory.mathcs.backport\3.1.0\com.springsource.edu.emory.mathcs.backport-3.1.0.jar;C:\Documents and Settings\grzchr01\.m2\repository\org\slf4j\com.springsource.slf4j.log4j\1.5.6\com.springsource.slf4j.log4j-1.5.6.jar;C:\Documents and Settings\grzchr01\.m2\repository\org\slf4j\com.springsource.slf4j.api\1.5.6\com.springsource.slf4j.api-1.5.6.jar;C:\Documents and Settings\grzchr01\.m2\repository\javax\persistence\com.springsource.javax.persistence\1.0.0\com.springsource.javax.persistence-1.0.0.jar;C:\Documents and Settings\grzchr01\.m2\repository\org\hibernate\com.springsource.org.hibernate.validator\4.0.0.GA\com.springsource.org.hibernate.validator-4.0.0.GA.jar;C:\Documents and Settings\grzchr01\.m2\repository\javax\validation\com.springsource.javax.validation\1.0.0.GA\com.springsource.javax.validation-1.0.0.GA.jar;C:\Documents and Settings\grzchr01\.m2\repository\javax\transaction\com.springsource.javax.transaction\1.1.0\com.springsource.javax.transaction-1.1.0.jar;C:\Documents and Settings\grzchr01\.m2\repository\org\apache\commons\com.springsource.org.apache.commons.dbcp\1.2.2.osgi\com.springsource.org.apache.commons.dbcp-1.2.2.osgi.jar;C:\Documents and Settings\grzchr01\.m2\repository\org\apache\commons\com.springsource.org.apache.commons.pool\1.3.0\com.springsource.org.apache.commons.pool-1.3.0.jar;C:\Documents and Settings\grzchr01\.m2\repository\org\springframework\org.springframework.jdbc\3.0.0.RELEASE\org.springframework.jdbc-3.0.0.RELEASE.jar;C:\Documents and Settings\grzchr01\.m2\repository\org\springframework\org.springframework.orm\3.0.0.RELEASE\org.springframework.orm-3.0.0.RELEASE.jar;C:\Documents and Settings\grzchr01\.m2\repository\org\springframework\org.springframework.web\3.0.0.RELEASE\org.springframework.web-3.0.0.RELEASE.jar;C:\Documents and Settings\grzchr01\.m2\repository\org\springframework\org.springframework.web.servlet\3.0.0.RELEASE\org.springframework.web.servlet-3.0.0.RELEASE.jar;C:\Documents and Settings\grzchr01\.m2\repository\org\springframework\webflow\org.springframework.js\2.0.8.RELEASE\org.springframework.js-2.0.8.RELEASE.jar;C:\Documents and Settings\grzchr01\.m2\repository\org\apache\commons\com.springsource.org.apache.commons.fileupload\1.2.0\com.springsource.org.apache.commons.fileupload-1.2.0.jar;C:\Documents and Settings\grzchr01\.m2\repository\org\apache\commons\com.springsource.org.apache.commons.io\1.4.0\com.springsource.org.apache.commons.io-1.4.0.jar;C:\Documents and Settings\grzchr01\.m2\repository\org\tuckey\com.springsource.org.tuckey.web.filters.urlrewrite\3.1.0\com.springsource.org.tuckey.web.filters.urlrewrite-3.1.0.jar;C:\Documents and Settings\grzchr01\.m2\repository\javax\servlet\com.springsource.javax.servlet.jsp.jstl\1.2.0\com.springsource.javax.servlet.jsp.jstl-1.2.0.jar;C:\Documents and Settings\grzchr01\.m2\repository\org\apache\taglibs\com.springsource.org.apache.taglibs.standard\1.1.2\com.springsource.org.apache.taglibs.standard-1.1.2.jar;C:\Documents and Settings\grzchr01\.m2\repository\org\apache\el\com.springsource.org.apache.el\6.0.20\com.springsource.org.apache.el-6.0.20.jar;C:\Documents and Settings\grzchr01\.m2\repository\org\joda\com.springsource.org.joda.time\1.6.0\com.springsource.org.joda.time-1.6.0.jar;C:\Documents and Settings\grzchr01\.m2\repository\org\apache\tiles\com.springsource.org.apache.tiles\2.1.3\com.springsource.org.apache.tiles-2.1.3.jar;C:\Documents and Settings\grzchr01\.m2\repository\org\apache\tiles\com.springsource.org.apache.tiles.jsp\2.1.3\com.springsource.org.apache.tiles.jsp-2.1.3.jar;C:\Documents and Settings\grzchr01\.m2\repository\org\apache\tiles\com.springsource.org.apache.tiles.core\2.1.3\com.springsource.org.apache.tiles.core-2.1.3.jar;C:\Documents and Settings\grzchr01\.m2\repository\org\apache\commons\com.springsource.org.apache.commons.digester\1.8.1\com.springsource.org.apache.commons.digester-1.8.1.jar;C:\Documents and Settings\grzchr01\.m2\repository\org\apache\commons\com.springsource.org.apache.commons.beanutils\1.8.0\com.springsource.org.apache.commons.beanutils-1.8.0.jar;C:\Documents and Settings\grzchr01\.m2\repository\org\apache\tiles\com.springsource.org.apache.tiles.servlet\2.1.3\com.springsource.org.apache.tiles.servlet-2.1.3.jar;" name="surefire.test.class.path"/>
    <property value="Java Platform API Specification" name="java.specification.name"/>
    <property value="49.0" name="java.class.version"/>
    <property value="HotSpot Client Compiler" name="sun.management.compiler"/>
    <property value="5.1" name="os.version"/>
    <property value="C:\Documents and Settings\grzchr01" name="user.home"/>
    <property value="Europe/Berlin" name="user.timezone"/>
    <property value="sun.awt.windows.WPrinterJob" name="java.awt.printerjob"/>
    <property value="Cp1252" name="file.encoding"/>
    <property value="1.5" name="java.specification.version"/>
    <property value="grzchr01" name="user.name"/>
    <property value="D:\eclipsespring\springsource\workspace\PEMS\target\test-classes;D:\eclipsespring\springsource\workspace\PEMS\target\classes;C:\Documents and Settings\grzchr01\.m2\repository\org\junit\com.springsource.org.junit\4.7.0\com.springsource.org.junit-4.7.0.jar;C:\Documents and Settings\grzchr01\.m2\repository\org\apache\log4j\com.springsource.org.apache.log4j\1.2.15\com.springsource.org.apache.log4j-1.2.15.jar;C:\Documents and Settings\grzchr01\.m2\repository\org\apache\commons\com.springsource.org.apache.commons.logging\1.1.1\com.springsource.org.apache.commons.logging-1.1.1.jar;C:\Documents and Settings\grzchr01\.m2\repository\org\aspectj\com.springsource.org.aspectj.runtime\1.6.6.RELEASE\com.springsource.org.aspectj.runtime-1.6.6.RELEASE.jar;C:\Documents and Settings\grzchr01\.m2\repository\javax\servlet\com.springsource.javax.servlet\2.5.0\com.springsource.javax.servlet-2.5.0.jar;C:\Documents and Settings\grzchr01\.m2\repository\org\springframework\roo\org.springframework.roo.annotations\1.0.2.RELEASE\org.springframework.roo.annotations-1.0.2.RELEASE.jar;C:\Documents and Settings\grzchr01\.m2\repository\org\springframework\org.springframework.core\3.0.0.RELEASE\org.springframework.core-3.0.0.RELEASE.jar;C:\Documents and Settings\grzchr01\.m2\repository\org\springframework\org.springframework.test\3.0.0.RELEASE\org.springframework.test-3.0.0.RELEASE.jar;C:\Documents and Settings\grzchr01\.m2\repository\org\springframework\org.springframework.context\3.0.0.RELEASE\org.springframework.context-3.0.0.RELEASE.jar;C:\Documents and Settings\grzchr01\.m2\repository\org\springframework\org.springframework.asm\3.0.0.RELEASE\org.springframework.asm-3.0.0.RELEASE.jar;C:\Documents and Settings\grzchr01\.m2\repository\org\springframework\org.springframework.aop\3.0.0.RELEASE\org.springframework.aop-3.0.0.RELEASE.jar;C:\Documents and Settings\grzchr01\.m2\repository\org\aopalliance\com.springsource.org.aopalliance\1.0.0\com.springsource.org.aopalliance-1.0.0.jar;C:\Documents and Settings\grzchr01\.m2\repository\org\springframework\org.springframework.beans\3.0.0.RELEASE\org.springframework.beans-3.0.0.RELEASE.jar;C:\Documents and Settings\grzchr01\.m2\repository\org\springframework\org.springframework.expression\3.0.0.RELEASE\org.springframework.expression-3.0.0.RELEASE.jar;C:\Documents and Settings\grzchr01\.m2\repository\org\springframework\org.springframework.aspects\3.0.0.RELEASE\org.springframework.aspects-3.0.0.RELEASE.jar;C:\Documents and Settings\grzchr01\.m2\repository\org\springframework\org.springframework.transaction\3.0.0.RELEASE\org.springframework.transaction-3.0.0.RELEASE.jar;C:\Documents and Settings\grzchr01\.m2\repository\javax\annotation\com.springsource.javax.annotation\1.0.0\com.springsource.javax.annotation-1.0.0.jar;C:\Documents and Settings\grzchr01\.m2\repository\com\oracle\jdbc\com.springsource.oracle.jdbc\10.2.0.2\com.springsource.oracle.jdbc-10.2.0.2.jar;C:\Documents and Settings\grzchr01\.m2\repository\org\hibernate\com.springsource.org.hibernate.annotations\3.3.1.ga\com.springsource.org.hibernate.annotations-3.3.1.ga.jar;C:\Documents and Settings\grzchr01\.m2\repository\org\dom4j\com.springsource.org.dom4j\1.6.1\com.springsource.org.dom4j-1.6.1.jar;C:\Documents and Settings\grzchr01\.m2\repository\org\hibernate\com.springsource.org.hibernate.annotations.common\3.3.0.ga\com.springsource.org.hibernate.annotations.common-3.3.0.ga.jar;C:\Documents and Settings\grzchr01\.m2\repository\org\hibernate\com.springsource.org.hibernate\3.2.6.ga\com.springsource.org.hibernate-3.2.6.ga.jar;C:\Documents and Settings\grzchr01\.m2\repository\org\apache\commons\com.springsource.org.apache.commons.collections\3.2.0\com.springsource.org.apache.commons.collections-3.2.0.jar;C:\Documents and Settings\grzchr01\.m2\repository\org\antlr\com.springsource.antlr\2.7.6\com.springsource.antlr-2.7.6.jar;C:\Documents and Settings\grzchr01\.m2\repository\org\jboss\javassist\com.springsource.javassist\3.3.0.ga\com.springsource.javassist-3.3.0.ga.jar;C:\Documents and Settings\grzchr01\.m2\repository\net\sourceforge\cglib\com.springsource.net.sf.cglib\2.1.3\com.springsource.net.sf.cglib-2.1.3.jar;C:\Documents and Settings\grzchr01\.m2\repository\org\objectweb\asm\com.springsource.org.objectweb.asm\1.5.3\com.springsource.org.objectweb.asm-1.5.3.jar;C:\Documents and Settings\grzchr01\.m2\repository\org\objectweb\asm\com.springsource.org.objectweb.asm.attrs\1.5.3\com.springsource.org.objectweb.asm.attrs-1.5.3.jar;C:\Documents and Settings\grzchr01\.m2\repository\org\hibernate\com.springsource.org.hibernate.ejb\3.3.2.GA\com.springsource.org.hibernate.ejb-3.3.2.GA.jar;C:\Documents and Settings\grzchr01\.m2\repository\org\jboss\util\com.springsource.org.jboss.util\2.0.4.GA\com.springsource.org.jboss.util-2.0.4.GA.jar;C:\Documents and Settings\grzchr01\.m2\repository\edu\oswego\cs\concurrent\com.springsource.edu.oswego.cs.dl.util.concurrent\1.3.4\com.springsource.edu.oswego.cs.dl.util.concurrent-1.3.4.jar;C:\Documents and Settings\grzchr01\.m2\repository\net\sourceforge\ehcache\com.springsource.net.sf.ehcache\1.4.1\com.springsource.net.sf.ehcache-1.4.1.jar;C:\Documents and Settings\grzchr01\.m2\repository\net\sourceforge\jsr107cache\com.springsource.net.sf.jsr107cache\1.0.0\com.springsource.net.sf.jsr107cache-1.0.0.jar;C:\Documents and Settings\grzchr01\.m2\repository\edu\emory\mathcs\backport\com.springsource.edu.emory.mathcs.backport\3.1.0\com.springsource.edu.emory.mathcs.backport-3.1.0.jar;C:\Documents and Settings\grzchr01\.m2\repository\org\slf4j\com.springsource.slf4j.log4j\1.5.6\com.springsource.slf4j.log4j-1.5.6.jar;C:\Documents and Settings\grzchr01\.m2\repository\org\slf4j\com.springsource.slf4j.api\1.5.6\com.springsource.slf4j.api-1.5.6.jar;C:\Documents and Settings\grzchr01\.m2\repository\javax\persistence\com.springsource.javax.persistence\1.0.0\com.springsource.javax.persistence-1.0.0.jar;C:\Documents and Settings\grzchr01\.m2\repository\org\hibernate\com.springsource.org.hibernate.validator\4.0.0.GA\com.springsource.org.hibernate.validator-4.0.0.GA.jar;C:\Documents and Settings\grzchr01\.m2\repository\javax\validation\com.springsource.javax.validation\1.0.0.GA\com.springsource.javax.validation-1.0.0.GA.jar;C:\Documents and Settings\grzchr01\.m2\repository\javax\transaction\com.springsource.javax.transaction\1.1.0\com.springsource.javax.transaction-1.1.0.jar;C:\Documents and Settings\grzchr01\.m2\repository\org\apache\commons\com.springsource.org.apache.commons.dbcp\1.2.2.osgi\com.springsource.org.apache.commons.dbcp-1.2.2.osgi.jar;C:\Documents and Settings\grzchr01\.m2\repository\org\apache\commons\com.springsource.org.apache.commons.pool\1.3.0\com.springsource.org.apache.commons.pool-1.3.0.jar;C:\Documents and Settings\grzchr01\.m2\repository\org\springframework\org.springframework.jdbc\3.0.0.RELEASE\org.springframework.jdbc-3.0.0.RELEASE.jar;C:\Documents and Settings\grzchr01\.m2\repository\org\springframework\org.springframework.orm\3.0.0.RELEASE\org.springframework.orm-3.0.0.RELEASE.jar;C:\Documents and Settings\grzchr01\.m2\repository\org\springframework\org.springframework.web\3.0.0.RELEASE\org.springframework.web-3.0.0.RELEASE.jar;C:\Documents and Settings\grzchr01\.m2\repository\org\springframework\org.springframework.web.servlet\3.0.0.RELEASE\org.springframework.web.servlet-3.0.0.RELEASE.jar;C:\Documents and Settings\grzchr01\.m2\repository\org\springframework\webflow\org.springframework.js\2.0.8.RELEASE\org.springframework.js-2.0.8.RELEASE.jar;C:\Documents and Settings\grzchr01\.m2\repository\org\apache\commons\com.springsource.org.apache.commons.fileupload\1.2.0\com.springsource.org.apache.commons.fileupload-1.2.0.jar;C:\Documents and Settings\grzchr01\.m2\repository\org\apache\commons\com.springsource.org.apache.commons.io\1.4.0\com.springsource.org.apache.commons.io-1.4.0.jar;C:\Documents and Settings\grzchr01\.m2\repository\org\tuckey\com.springsource.org.tuckey.web.filters.urlrewrite\3.1.0\com.springsource.org.tuckey.web.filters.urlrewrite-3.1.0.jar;C:\Documents and Settings\grzchr01\.m2\repository\javax\servlet\com.springsource.javax.servlet.jsp.jstl\1.2.0\com.springsource.javax.servlet.jsp.jstl-1.2.0.jar;C:\Documents and Settings\grzchr01\.m2\repository\org\apache\taglibs\com.springsource.org.apache.taglibs.standard\1.1.2\com.springsource.org.apache.taglibs.standard-1.1.2.jar;C:\Documents and Settings\grzchr01\.m2\repository\org\apache\el\com.springsource.org.apache.el\6.0.20\com.springsource.org.apache.el-6.0.20.jar;C:\Documents and Settings\grzchr01\.m2\repository\org\joda\com.springsource.org.joda.time\1.6.0\com.springsource.org.joda.time-1.6.0.jar;C:\Documents and Settings\grzchr01\.m2\repository\org\apache\tiles\com.springsource.org.apache.tiles\2.1.3\com.springsource.org.apache.tiles-2.1.3.jar;C:\Documents and Settings\grzchr01\.m2\repository\org\apache\tiles\com.springsource.org.apache.tiles.jsp\2.1.3\com.springsource.org.apache.tiles.jsp-2.1.3.jar;C:\Documents and Settings\grzchr01\.m2\repository\org\apache\tiles\com.springsource.org.apache.tiles.core\2.1.3\com.springsource.org.apache.tiles.core-2.1.3.jar;C:\Documents and Settings\grzchr01\.m2\repository\org\apache\commons\com.springsource.org.apache.commons.digester\1.8.1\com.springsource.org.apache.commons.digester-1.8.1.jar;C:\Documents and Settings\grzchr01\.m2\repository\org\apache\commons\com.springsource.org.apache.commons.beanutils\1.8.0\com.springsource.org.apache.commons.beanutils-1.8.0.jar;C:\Documents and Settings\grzchr01\.m2\repository\org\apache\tiles\com.springsource.org.apache.tiles.servlet\2.1.3\com.springsource.org.apache.tiles.servlet-2.1.3.jar;" name="java.class.path"/>
    <property value="1.0" name="java.vm.specification.version"/>
    <property value="32" name="sun.arch.data.model"/>
    <property value="D:\java5\jdk\jre" name="java.home"/>
    <property value="Sun Microsystems Inc." name="java.specification.vendor"/>
    <property value="de" name="user.language"/>
    <property value="sun.awt.windows.WToolkit" name="awt.toolkit"/>
    <property value="mixed mode" name="java.vm.info"/>
    <property value="1.5.0_09" name="java.version"/>
    <property value="D:\java5\jdk\jre\lib\ext" name="java.ext.dirs"/>
    <property value="D:\java5\jdk\jre\lib\rt.jar;D:\java5\jdk\jre\lib\i18n.jar;D:\java5\jdk\jre\lib\sunrsasign.jar;D:\java5\jdk\jre\lib\jsse.jar;D:\java5\jdk\jre\lib\jce.jar;D:\java5\jdk\jre\lib\charsets.jar;D:\java5\jdk\jre\classes" name="sun.boot.class.path"/>
    <property value="Sun Microsystems Inc." name="java.vendor"/>
    <property value="C:\Documents and Settings\grzchr01\.m2\repository" name="localRepository"/>
    <property value="\" name="file.separator"/>
    <property value="http://java.sun.com/cgi-bin/bugreport.cgi" name="java.vendor.url.bug"/>
    <property value="little" name="sun.cpu.endian"/>
    <property value="UnicodeLittle" name="sun.io.unicode.encoding"/>
    <property value="windows" name="sun.desktop"/>
    <property value="pentium_pro+mmx pentium_pro pentium+mmx pentium i486 i386 i86" name="sun.cpu.isalist"/>
  </properties>
  <testcase classname="at.volitsol.pems.domain.FacilityIntegrationTest" time="0.01" name="testMarkerMethod"/>
  <testcase classname="at.volitsol.pems.domain.FacilityIntegrationTest" time="0.681" name="testFlush"/>
  <testcase classname="at.volitsol.pems.domain.FacilityIntegrationTest" time="0.18" name="testMerge"/>
  <testcase classname="at.volitsol.pems.domain.FacilityIntegrationTest" time="0.18" name="testPersist"/>
  <testcase classname="at.volitsol.pems.domain.FacilityIntegrationTest" time="0.221" name="testRemove"/>
  <testcase classname="at.volitsol.pems.domain.FacilityIntegrationTest" time="0.12" name="testCountFacilitys"/>
  <testcase classname="at.volitsol.pems.domain.FacilityIntegrationTest" time="0.2" name="testFindFacility"/>
  <testcase classname="at.volitsol.pems.domain.FacilityIntegrationTest" time="0.201" name="testFindAllFacilitys"/>
  <testcase classname="at.volitsol.pems.domain.FacilityIntegrationTest" time="0.17" name="testFindFacilityEntries"/>
</testsuite>